<?xml version="1.0" encoding="UTF-8"?>
<!-- Generated by org.testng.reporters.JUnitReportReporter -->
<testsuite skipped="0" hostname="DEHEREMMAN4002" name="weatherApiTest.APITTest_ValidateWeatherResCityWise" tests="1" failures="0" timestamp="2020-07-17T14:58:18 CEST" time="1.563" errors="0">
  <testcase name="validateweatherAPI" time="1.563" classname="weatherApiTest.APITTest_ValidateWeatherResCityWise"/>
  <system-out/>
</testsuite> <!-- weatherApiTest.APITTest_ValidateWeatherResCityWise -->
