<?xml version="1.0" encoding="UTF-8"?>
<!-- Generated by org.testng.reporters.JUnitReportReporter -->
<testsuite skipped="0" hostname="DEHEREMMAN4002" name="weatherReport.UI.Test.UITest_ValidateTemperature" tests="1" failures="0" timestamp="2020-07-17T14:58:18 CEST" time="19.286" errors="0">
  <testcase name="ValidateTempDeatils_001" time="19.286" classname="weatherReport.UI.Test.UITest_ValidateTemperature"/>
  <system-out/>
</testsuite> <!-- weatherReport.UI.Test.UITest_ValidateTemperature -->
