<?xml version="1.0" encoding="UTF-8"?>
<!-- Generated by org.testng.reporters.JUnitReportReporter -->
<testsuite skipped="0" hostname="DEHEREMMAN4002" name="weatherReport.Annotation.TestngAnnotation" tests="1" failures="0" timestamp="2020-07-13T15:53:18 CEST" time="0.006" errors="0">
  <testcase name="f" time="0.006" classname="weatherReport.Annotation.TestngAnnotation"/>
  <system-out/>
</testsuite> <!-- weatherReport.Annotation.TestngAnnotation -->
